<?xml version="1.0" encoding="UTF-8"?>
<!-- Generated by org.testng.reporters.JUnitXMLReporter -->
<testsuite ignored="1" hostname="LAPTOP-ELIH5ICV" failures="0" tests="1" name="Test" time="0.206" errors="0" timestamp="2025-10-13T12:33:16 IST">
  <testcase classname="testBase.BaseClass" name="@BeforeClass setup" time="-1.760338996806E9">
    <failure type="org.testng.TestNGException" message="
Parameter &amp;apos;os&amp;apos; is required by BeforeClass on method setup but has not been marked @Optional or defined
in C:\Users\rajesh gatreddi\Documents\Java Practice\OpencartV121\Grouping.xml">
      <![CDATA[org.testng.TestNGException: 
Parameter 'os' is required by BeforeClass on method setup but has not been marked @Optional or defined
in C:\Users\rajesh gatreddi\Documents\Java Practice\OpencartV121\Grouping.xml
at java.base/java.util.ArrayList.forEach(ArrayList.java:1596)
... Removed 22 stack frames]]>
    </failure>
  </testcase> <!-- @BeforeClass setup -->
  <testcase classname="testBase.BaseClass" name="@AfterClass tearDown" time="0.0">
    <skipped/>
  </testcase> <!-- @AfterClass tearDown -->
  <testcase classname="testCases.TC002_LoginTest" name="verify_login" time="0.0">
    <skipped/>
  </testcase> <!-- verify_login -->
  <testcase classname="testCases.TC001_AccountRegistrationTest" name="verify_account_registartion" time="0.0">
    <ignored/>
  </testcase> <!-- verify_account_registartion -->
</testsuite> <!-- Test -->
